I, [2014-04-10T11:25:36.010349 #3540]  INFO -- : Migrating to CreateUsers (20140407190328)
I, [2014-04-10T11:25:36.057998 #3540]  INFO -- : Migrating to AddIndexToUsersEmail (20140407213907)
I, [2014-04-10T11:25:36.131603 #3540]  INFO -- : Migrating to AddPasswordDigestToUsers (20140407215638)
I, [2014-04-10T11:29:53.995507 #3576]  INFO -- : Started GET "/static_pages/home" for 127.0.0.1 at 2014-04-10 11:29:53 +0100
I, [2014-04-10T11:29:54.025030 #3576]  INFO -- : Processing by StaticPagesController#home as HTML
I, [2014-04-10T11:29:54.042510 #3576]  INFO -- :   Rendered static_pages/home.html.erb within layouts/application (1.0ms)
I, [2014-04-10T11:29:54.140682 #3576]  INFO -- :   Rendered layouts/_shim.html.erb (1.1ms)
I, [2014-04-10T11:29:54.151505 #3576]  INFO -- :   Rendered layouts/_header.html.erb (0.9ms)
I, [2014-04-10T11:29:54.157142 #3576]  INFO -- :   Rendered layouts/_footer.html.erb (4.7ms)
I, [2014-04-10T11:29:54.157471 #3576]  INFO -- : Completed 200 OK in 132ms (Views: 131.4ms | ActiveRecord: 0.0ms)
I, [2014-04-10T11:29:54.282985 #3576]  INFO -- : Started GET "/stylesheets/default.css" for 127.0.0.1 at 2014-04-10 11:29:54 +0100
F, [2014-04-10T11:29:54.285602 #3576] FATAL -- : 
ActionController::RoutingError (No route matches [GET] "/stylesheets/default.css"):
  vendor/bundle/gems/actionpack-4.0.0/lib/action_dispatch/middleware/debug_exceptions.rb:21:in `call'
  vendor/bundle/gems/actionpack-4.0.0/lib/action_dispatch/middleware/show_exceptions.rb:30:in `call'
  vendor/bundle/gems/railties-4.0.0/lib/rails/rack/logger.rb:38:in `call_app'
  vendor/bundle/gems/railties-4.0.0/lib/rails/rack/logger.rb:21:in `block in call'
  vendor/bundle/gems/activesupport-4.0.0/lib/active_support/tagged_logging.rb:67:in `block in tagged'
  vendor/bundle/gems/activesupport-4.0.0/lib/active_support/tagged_logging.rb:25:in `tagged'
  vendor/bundle/gems/activesupport-4.0.0/lib/active_support/tagged_logging.rb:67:in `tagged'
  vendor/bundle/gems/railties-4.0.0/lib/rails/rack/logger.rb:21:in `call'
  vendor/bundle/gems/actionpack-4.0.0/lib/action_dispatch/middleware/request_id.rb:21:in `call'
  vendor/bundle/gems/rack-1.5.2/lib/rack/methodoverride.rb:21:in `call'
  vendor/bundle/gems/rack-1.5.2/lib/rack/runtime.rb:17:in `call'
  vendor/bundle/gems/activesupport-4.0.0/lib/active_support/cache/strategy/local_cache.rb:83:in `call'
  vendor/bundle/gems/actionpack-4.0.0/lib/action_dispatch/middleware/static.rb:64:in `call'
  vendor/bundle/gems/railties-4.0.0/lib/rails/engine.rb:511:in `call'
  vendor/bundle/gems/railties-4.0.0/lib/rails/application.rb:97:in `call'
  vendor/bundle/gems/rack-1.5.2/lib/rack/lock.rb:17:in `call'
  vendor/bundle/gems/rack-1.5.2/lib/rack/content_length.rb:14:in `call'
  vendor/bundle/gems/rack-1.5.2/lib/rack/handler/webrick.rb:60:in `service'
  /home/invitado/.rvm/rubies/ruby-2.0.0-p451/lib/ruby/2.0.0/webrick/httpserver.rb:138:in `service'
  /home/invitado/.rvm/rubies/ruby-2.0.0-p451/lib/ruby/2.0.0/webrick/httpserver.rb:94:in `run'
  /home/invitado/.rvm/rubies/ruby-2.0.0-p451/lib/ruby/2.0.0/webrick/server.rb:295:in `block in start_thread'


I, [2014-04-10T11:29:54.306243 #3576]  INFO -- : Started GET "/javascripts/default.js" for 127.0.0.1 at 2014-04-10 11:29:54 +0100
F, [2014-04-10T11:29:54.312135 #3576] FATAL -- : 
ActionController::RoutingError (No route matches [GET] "/javascripts/default.js"):
  vendor/bundle/gems/actionpack-4.0.0/lib/action_dispatch/middleware/debug_exceptions.rb:21:in `call'
  vendor/bundle/gems/actionpack-4.0.0/lib/action_dispatch/middleware/show_exceptions.rb:30:in `call'
  vendor/bundle/gems/railties-4.0.0/lib/rails/rack/logger.rb:38:in `call_app'
  vendor/bundle/gems/railties-4.0.0/lib/rails/rack/logger.rb:21:in `block in call'
  vendor/bundle/gems/activesupport-4.0.0/lib/active_support/tagged_logging.rb:67:in `block in tagged'
  vendor/bundle/gems/activesupport-4.0.0/lib/active_support/tagged_logging.rb:25:in `tagged'
  vendor/bundle/gems/activesupport-4.0.0/lib/active_support/tagged_logging.rb:67:in `tagged'
  vendor/bundle/gems/railties-4.0.0/lib/rails/rack/logger.rb:21:in `call'
  vendor/bundle/gems/actionpack-4.0.0/lib/action_dispatch/middleware/request_id.rb:21:in `call'
  vendor/bundle/gems/rack-1.5.2/lib/rack/methodoverride.rb:21:in `call'
  vendor/bundle/gems/rack-1.5.2/lib/rack/runtime.rb:17:in `call'
  vendor/bundle/gems/activesupport-4.0.0/lib/active_support/cache/strategy/local_cache.rb:83:in `call'
  vendor/bundle/gems/actionpack-4.0.0/lib/action_dispatch/middleware/static.rb:64:in `call'
  vendor/bundle/gems/railties-4.0.0/lib/rails/engine.rb:511:in `call'
  vendor/bundle/gems/railties-4.0.0/lib/rails/application.rb:97:in `call'
  vendor/bundle/gems/rack-1.5.2/lib/rack/lock.rb:17:in `call'
  vendor/bundle/gems/rack-1.5.2/lib/rack/content_length.rb:14:in `call'
  vendor/bundle/gems/rack-1.5.2/lib/rack/handler/webrick.rb:60:in `service'
  /home/invitado/.rvm/rubies/ruby-2.0.0-p451/lib/ruby/2.0.0/webrick/httpserver.rb:138:in `service'
  /home/invitado/.rvm/rubies/ruby-2.0.0-p451/lib/ruby/2.0.0/webrick/httpserver.rb:94:in `run'
  /home/invitado/.rvm/rubies/ruby-2.0.0-p451/lib/ruby/2.0.0/webrick/server.rb:295:in `block in start_thread'


I, [2014-04-10T11:29:54.322546 #3576]  INFO -- : Started GET "/images/rails.png" for 127.0.0.1 at 2014-04-10 11:29:54 +0100
F, [2014-04-10T11:29:54.325746 #3576] FATAL -- : 
ActionController::RoutingError (No route matches [GET] "/images/rails.png"):
  vendor/bundle/gems/actionpack-4.0.0/lib/action_dispatch/middleware/debug_exceptions.rb:21:in `call'
  vendor/bundle/gems/actionpack-4.0.0/lib/action_dispatch/middleware/show_exceptions.rb:30:in `call'
  vendor/bundle/gems/railties-4.0.0/lib/rails/rack/logger.rb:38:in `call_app'
  vendor/bundle/gems/railties-4.0.0/lib/rails/rack/logger.rb:21:in `block in call'
  vendor/bundle/gems/activesupport-4.0.0/lib/active_support/tagged_logging.rb:67:in `block in tagged'
  vendor/bundle/gems/activesupport-4.0.0/lib/active_support/tagged_logging.rb:25:in `tagged'
  vendor/bundle/gems/activesupport-4.0.0/lib/active_support/tagged_logging.rb:67:in `tagged'
  vendor/bundle/gems/railties-4.0.0/lib/rails/rack/logger.rb:21:in `call'
  vendor/bundle/gems/actionpack-4.0.0/lib/action_dispatch/middleware/request_id.rb:21:in `call'
  vendor/bundle/gems/rack-1.5.2/lib/rack/methodoverride.rb:21:in `call'
  vendor/bundle/gems/rack-1.5.2/lib/rack/runtime.rb:17:in `call'
  vendor/bundle/gems/activesupport-4.0.0/lib/active_support/cache/strategy/local_cache.rb:83:in `call'
  vendor/bundle/gems/actionpack-4.0.0/lib/action_dispatch/middleware/static.rb:64:in `call'
  vendor/bundle/gems/railties-4.0.0/lib/rails/engine.rb:511:in `call'
  vendor/bundle/gems/railties-4.0.0/lib/rails/application.rb:97:in `call'
  vendor/bundle/gems/rack-1.5.2/lib/rack/lock.rb:17:in `call'
  vendor/bundle/gems/rack-1.5.2/lib/rack/content_length.rb:14:in `call'
  vendor/bundle/gems/rack-1.5.2/lib/rack/handler/webrick.rb:60:in `service'
  /home/invitado/.rvm/rubies/ruby-2.0.0-p451/lib/ruby/2.0.0/webrick/httpserver.rb:138:in `service'
  /home/invitado/.rvm/rubies/ruby-2.0.0-p451/lib/ruby/2.0.0/webrick/httpserver.rb:94:in `run'
  /home/invitado/.rvm/rubies/ruby-2.0.0-p451/lib/ruby/2.0.0/webrick/server.rb:295:in `block in start_thread'


I, [2014-04-10T11:30:11.773155 #3576]  INFO -- : Started GET "/static_pages/about" for 127.0.0.1 at 2014-04-10 11:30:11 +0100
I, [2014-04-10T11:30:11.777293 #3576]  INFO -- : Processing by StaticPagesController#about as HTML
I, [2014-04-10T11:30:11.835907 #3576]  INFO -- :   Rendered static_pages/about.html.erb within layouts/application (0.6ms)
I, [2014-04-10T11:30:11.837100 #3576]  INFO -- :   Rendered layouts/_shim.html.erb (0.1ms)
I, [2014-04-10T11:30:11.838735 #3576]  INFO -- :   Rendered layouts/_header.html.erb (0.3ms)
I, [2014-04-10T11:30:11.839070 #3576]  INFO -- :   Rendered layouts/_footer.html.erb (0.1ms)
I, [2014-04-10T11:30:11.839410 #3576]  INFO -- : Completed 200 OK in 62ms (Views: 61.1ms | ActiveRecord: 0.0ms)
I, [2014-04-10T11:30:11.885960 #3576]  INFO -- : Started GET "/javascripts/default.js" for 127.0.0.1 at 2014-04-10 11:30:11 +0100
F, [2014-04-10T11:30:11.887353 #3576] FATAL -- : 
ActionController::RoutingError (No route matches [GET] "/javascripts/default.js"):
  vendor/bundle/gems/actionpack-4.0.0/lib/action_dispatch/middleware/debug_exceptions.rb:21:in `call'
  vendor/bundle/gems/actionpack-4.0.0/lib/action_dispatch/middleware/show_exceptions.rb:30:in `call'
  vendor/bundle/gems/railties-4.0.0/lib/rails/rack/logger.rb:38:in `call_app'
  vendor/bundle/gems/railties-4.0.0/lib/rails/rack/logger.rb:21:in `block in call'
  vendor/bundle/gems/activesupport-4.0.0/lib/active_support/tagged_logging.rb:67:in `block in tagged'
  vendor/bundle/gems/activesupport-4.0.0/lib/active_support/tagged_logging.rb:25:in `tagged'
  vendor/bundle/gems/activesupport-4.0.0/lib/active_support/tagged_logging.rb:67:in `tagged'
  vendor/bundle/gems/railties-4.0.0/lib/rails/rack/logger.rb:21:in `call'
  vendor/bundle/gems/actionpack-4.0.0/lib/action_dispatch/middleware/request_id.rb:21:in `call'
  vendor/bundle/gems/rack-1.5.2/lib/rack/methodoverride.rb:21:in `call'
  vendor/bundle/gems/rack-1.5.2/lib/rack/runtime.rb:17:in `call'
  vendor/bundle/gems/activesupport-4.0.0/lib/active_support/cache/strategy/local_cache.rb:83:in `call'
  vendor/bundle/gems/actionpack-4.0.0/lib/action_dispatch/middleware/static.rb:64:in `call'
  vendor/bundle/gems/railties-4.0.0/lib/rails/engine.rb:511:in `call'
  vendor/bundle/gems/railties-4.0.0/lib/rails/application.rb:97:in `call'
  vendor/bundle/gems/rack-1.5.2/lib/rack/lock.rb:17:in `call'
  vendor/bundle/gems/rack-1.5.2/lib/rack/content_length.rb:14:in `call'
  vendor/bundle/gems/rack-1.5.2/lib/rack/handler/webrick.rb:60:in `service'
  /home/invitado/.rvm/rubies/ruby-2.0.0-p451/lib/ruby/2.0.0/webrick/httpserver.rb:138:in `service'
  /home/invitado/.rvm/rubies/ruby-2.0.0-p451/lib/ruby/2.0.0/webrick/httpserver.rb:94:in `run'
  /home/invitado/.rvm/rubies/ruby-2.0.0-p451/lib/ruby/2.0.0/webrick/server.rb:295:in `block in start_thread'


I, [2014-04-10T11:30:11.890094 #3576]  INFO -- : Started GET "/stylesheets/default.css" for 127.0.0.1 at 2014-04-10 11:30:11 +0100
F, [2014-04-10T11:30:11.898693 #3576] FATAL -- : 
ActionController::RoutingError (No route matches [GET] "/stylesheets/default.css"):
  vendor/bundle/gems/actionpack-4.0.0/lib/action_dispatch/middleware/debug_exceptions.rb:21:in `call'
  vendor/bundle/gems/actionpack-4.0.0/lib/action_dispatch/middleware/show_exceptions.rb:30:in `call'
  vendor/bundle/gems/railties-4.0.0/lib/rails/rack/logger.rb:38:in `call_app'
  vendor/bundle/gems/railties-4.0.0/lib/rails/rack/logger.rb:21:in `block in call'
  vendor/bundle/gems/activesupport-4.0.0/lib/active_support/tagged_logging.rb:67:in `block in tagged'
  vendor/bundle/gems/activesupport-4.0.0/lib/active_support/tagged_logging.rb:25:in `tagged'
  vendor/bundle/gems/activesupport-4.0.0/lib/active_support/tagged_logging.rb:67:in `tagged'
  vendor/bundle/gems/railties-4.0.0/lib/rails/rack/logger.rb:21:in `call'
  vendor/bundle/gems/actionpack-4.0.0/lib/action_dispatch/middleware/request_id.rb:21:in `call'
  vendor/bundle/gems/rack-1.5.2/lib/rack/methodoverride.rb:21:in `call'
  vendor/bundle/gems/rack-1.5.2/lib/rack/runtime.rb:17:in `call'
  vendor/bundle/gems/activesupport-4.0.0/lib/active_support/cache/strategy/local_cache.rb:83:in `call'
  vendor/bundle/gems/actionpack-4.0.0/lib/action_dispatch/middleware/static.rb:64:in `call'
  vendor/bundle/gems/railties-4.0.0/lib/rails/engine.rb:511:in `call'
  vendor/bundle/gems/railties-4.0.0/lib/rails/application.rb:97:in `call'
  vendor/bundle/gems/rack-1.5.2/lib/rack/lock.rb:17:in `call'
  vendor/bundle/gems/rack-1.5.2/lib/rack/content_length.rb:14:in `call'
  vendor/bundle/gems/rack-1.5.2/lib/rack/handler/webrick.rb:60:in `service'
  /home/invitado/.rvm/rubies/ruby-2.0.0-p451/lib/ruby/2.0.0/webrick/httpserver.rb:138:in `service'
  /home/invitado/.rvm/rubies/ruby-2.0.0-p451/lib/ruby/2.0.0/webrick/httpserver.rb:94:in `run'
  /home/invitado/.rvm/rubies/ruby-2.0.0-p451/lib/ruby/2.0.0/webrick/server.rb:295:in `block in start_thread'


I, [2014-04-10T11:30:17.892998 #3576]  INFO -- : Started GET "/static_pages/help" for 127.0.0.1 at 2014-04-10 11:30:17 +0100
I, [2014-04-10T11:30:17.898829 #3576]  INFO -- : Processing by StaticPagesController#help as HTML
I, [2014-04-10T11:30:17.967020 #3576]  INFO -- :   Rendered static_pages/help.html.erb within layouts/application (0.1ms)
I, [2014-04-10T11:30:17.968249 #3576]  INFO -- :   Rendered layouts/_shim.html.erb (0.1ms)
I, [2014-04-10T11:30:17.969803 #3576]  INFO -- :   Rendered layouts/_header.html.erb (1.0ms)
I, [2014-04-10T11:30:17.970097 #3576]  INFO -- :   Rendered layouts/_footer.html.erb (0.1ms)
I, [2014-04-10T11:30:17.970375 #3576]  INFO -- : Completed 200 OK in 71ms (Views: 70.9ms | ActiveRecord: 0.0ms)
I, [2014-04-10T11:30:17.995844 #3576]  INFO -- : Started GET "/stylesheets/default.css" for 127.0.0.1 at 2014-04-10 11:30:17 +0100
F, [2014-04-10T11:30:18.001333 #3576] FATAL -- : 
ActionController::RoutingError (No route matches [GET] "/stylesheets/default.css"):
  vendor/bundle/gems/actionpack-4.0.0/lib/action_dispatch/middleware/debug_exceptions.rb:21:in `call'
  vendor/bundle/gems/actionpack-4.0.0/lib/action_dispatch/middleware/show_exceptions.rb:30:in `call'
  vendor/bundle/gems/railties-4.0.0/lib/rails/rack/logger.rb:38:in `call_app'
  vendor/bundle/gems/railties-4.0.0/lib/rails/rack/logger.rb:21:in `block in call'
  vendor/bundle/gems/activesupport-4.0.0/lib/active_support/tagged_logging.rb:67:in `block in tagged'
  vendor/bundle/gems/activesupport-4.0.0/lib/active_support/tagged_logging.rb:25:in `tagged'
  vendor/bundle/gems/activesupport-4.0.0/lib/active_support/tagged_logging.rb:67:in `tagged'
  vendor/bundle/gems/railties-4.0.0/lib/rails/rack/logger.rb:21:in `call'
  vendor/bundle/gems/actionpack-4.0.0/lib/action_dispatch/middleware/request_id.rb:21:in `call'
  vendor/bundle/gems/rack-1.5.2/lib/rack/methodoverride.rb:21:in `call'
  vendor/bundle/gems/rack-1.5.2/lib/rack/runtime.rb:17:in `call'
  vendor/bundle/gems/activesupport-4.0.0/lib/active_support/cache/strategy/local_cache.rb:83:in `call'
  vendor/bundle/gems/actionpack-4.0.0/lib/action_dispatch/middleware/static.rb:64:in `call'
  vendor/bundle/gems/railties-4.0.0/lib/rails/engine.rb:511:in `call'
  vendor/bundle/gems/railties-4.0.0/lib/rails/application.rb:97:in `call'
  vendor/bundle/gems/rack-1.5.2/lib/rack/lock.rb:17:in `call'
  vendor/bundle/gems/rack-1.5.2/lib/rack/content_length.rb:14:in `call'
  vendor/bundle/gems/rack-1.5.2/lib/rack/handler/webrick.rb:60:in `service'
  /home/invitado/.rvm/rubies/ruby-2.0.0-p451/lib/ruby/2.0.0/webrick/httpserver.rb:138:in `service'
  /home/invitado/.rvm/rubies/ruby-2.0.0-p451/lib/ruby/2.0.0/webrick/httpserver.rb:94:in `run'
  /home/invitado/.rvm/rubies/ruby-2.0.0-p451/lib/ruby/2.0.0/webrick/server.rb:295:in `block in start_thread'


I, [2014-04-10T11:30:18.003509 #3576]  INFO -- : Started GET "/javascripts/default.js" for 127.0.0.1 at 2014-04-10 11:30:18 +0100
F, [2014-04-10T11:30:18.005134 #3576] FATAL -- : 
ActionController::RoutingError (No route matches [GET] "/javascripts/default.js"):
  vendor/bundle/gems/actionpack-4.0.0/lib/action_dispatch/middleware/debug_exceptions.rb:21:in `call'
  vendor/bundle/gems/actionpack-4.0.0/lib/action_dispatch/middleware/show_exceptions.rb:30:in `call'
  vendor/bundle/gems/railties-4.0.0/lib/rails/rack/logger.rb:38:in `call_app'
  vendor/bundle/gems/railties-4.0.0/lib/rails/rack/logger.rb:21:in `block in call'
  vendor/bundle/gems/activesupport-4.0.0/lib/active_support/tagged_logging.rb:67:in `block in tagged'
  vendor/bundle/gems/activesupport-4.0.0/lib/active_support/tagged_logging.rb:25:in `tagged'
  vendor/bundle/gems/activesupport-4.0.0/lib/active_support/tagged_logging.rb:67:in `tagged'
  vendor/bundle/gems/railties-4.0.0/lib/rails/rack/logger.rb:21:in `call'
  vendor/bundle/gems/actionpack-4.0.0/lib/action_dispatch/middleware/request_id.rb:21:in `call'
  vendor/bundle/gems/rack-1.5.2/lib/rack/methodoverride.rb:21:in `call'
  vendor/bundle/gems/rack-1.5.2/lib/rack/runtime.rb:17:in `call'
  vendor/bundle/gems/activesupport-4.0.0/lib/active_support/cache/strategy/local_cache.rb:83:in `call'
  vendor/bundle/gems/actionpack-4.0.0/lib/action_dispatch/middleware/static.rb:64:in `call'
  vendor/bundle/gems/railties-4.0.0/lib/rails/engine.rb:511:in `call'
  vendor/bundle/gems/railties-4.0.0/lib/rails/application.rb:97:in `call'
  vendor/bundle/gems/rack-1.5.2/lib/rack/lock.rb:17:in `call'
  vendor/bundle/gems/rack-1.5.2/lib/rack/content_length.rb:14:in `call'
  vendor/bundle/gems/rack-1.5.2/lib/rack/handler/webrick.rb:60:in `service'
  /home/invitado/.rvm/rubies/ruby-2.0.0-p451/lib/ruby/2.0.0/webrick/httpserver.rb:138:in `service'
  /home/invitado/.rvm/rubies/ruby-2.0.0-p451/lib/ruby/2.0.0/webrick/httpserver.rb:94:in `run'
  /home/invitado/.rvm/rubies/ruby-2.0.0-p451/lib/ruby/2.0.0/webrick/server.rb:295:in `block in start_thread'


I, [2014-04-10T11:30:24.889708 #3576]  INFO -- : Started GET "/static_pages/contact" for 127.0.0.1 at 2014-04-10 11:30:24 +0100
I, [2014-04-10T11:30:24.899869 #3576]  INFO -- : Processing by StaticPagesController#contact as HTML
I, [2014-04-10T11:30:24.928166 #3576]  INFO -- :   Rendered static_pages/contact.html.erb within layouts/application (0.5ms)
I, [2014-04-10T11:30:24.929742 #3576]  INFO -- :   Rendered layouts/_shim.html.erb (0.1ms)
I, [2014-04-10T11:30:24.930373 #3576]  INFO -- :   Rendered layouts/_header.html.erb (0.4ms)
I, [2014-04-10T11:30:24.931119 #3576]  INFO -- :   Rendered layouts/_footer.html.erb (0.1ms)
I, [2014-04-10T11:30:24.931808 #3576]  INFO -- : Completed 200 OK in 32ms (Views: 31.3ms | ActiveRecord: 0.0ms)
I, [2014-04-10T11:30:24.957925 #3576]  INFO -- : Started GET "/stylesheets/default.css" for 127.0.0.1 at 2014-04-10 11:30:24 +0100
F, [2014-04-10T11:30:24.969926 #3576] FATAL -- : 
ActionController::RoutingError (No route matches [GET] "/stylesheets/default.css"):
  vendor/bundle/gems/actionpack-4.0.0/lib/action_dispatch/middleware/debug_exceptions.rb:21:in `call'
  vendor/bundle/gems/actionpack-4.0.0/lib/action_dispatch/middleware/show_exceptions.rb:30:in `call'
  vendor/bundle/gems/railties-4.0.0/lib/rails/rack/logger.rb:38:in `call_app'
  vendor/bundle/gems/railties-4.0.0/lib/rails/rack/logger.rb:21:in `block in call'
  vendor/bundle/gems/activesupport-4.0.0/lib/active_support/tagged_logging.rb:67:in `block in tagged'
  vendor/bundle/gems/activesupport-4.0.0/lib/active_support/tagged_logging.rb:25:in `tagged'
  vendor/bundle/gems/activesupport-4.0.0/lib/active_support/tagged_logging.rb:67:in `tagged'
  vendor/bundle/gems/railties-4.0.0/lib/rails/rack/logger.rb:21:in `call'
  vendor/bundle/gems/actionpack-4.0.0/lib/action_dispatch/middleware/request_id.rb:21:in `call'
  vendor/bundle/gems/rack-1.5.2/lib/rack/methodoverride.rb:21:in `call'
  vendor/bundle/gems/rack-1.5.2/lib/rack/runtime.rb:17:in `call'
  vendor/bundle/gems/activesupport-4.0.0/lib/active_support/cache/strategy/local_cache.rb:83:in `call'
  vendor/bundle/gems/actionpack-4.0.0/lib/action_dispatch/middleware/static.rb:64:in `call'
  vendor/bundle/gems/railties-4.0.0/lib/rails/engine.rb:511:in `call'
  vendor/bundle/gems/railties-4.0.0/lib/rails/application.rb:97:in `call'
  vendor/bundle/gems/rack-1.5.2/lib/rack/lock.rb:17:in `call'
  vendor/bundle/gems/rack-1.5.2/lib/rack/content_length.rb:14:in `call'
  vendor/bundle/gems/rack-1.5.2/lib/rack/handler/webrick.rb:60:in `service'
  /home/invitado/.rvm/rubies/ruby-2.0.0-p451/lib/ruby/2.0.0/webrick/httpserver.rb:138:in `service'
  /home/invitado/.rvm/rubies/ruby-2.0.0-p451/lib/ruby/2.0.0/webrick/httpserver.rb:94:in `run'
  /home/invitado/.rvm/rubies/ruby-2.0.0-p451/lib/ruby/2.0.0/webrick/server.rb:295:in `block in start_thread'


I, [2014-04-10T11:30:24.970590 #3576]  INFO -- : Started GET "/javascripts/default.js" for 127.0.0.1 at 2014-04-10 11:30:24 +0100
F, [2014-04-10T11:30:24.975518 #3576] FATAL -- : 
ActionController::RoutingError (No route matches [GET] "/javascripts/default.js"):
  vendor/bundle/gems/actionpack-4.0.0/lib/action_dispatch/middleware/debug_exceptions.rb:21:in `call'
  vendor/bundle/gems/actionpack-4.0.0/lib/action_dispatch/middleware/show_exceptions.rb:30:in `call'
  vendor/bundle/gems/railties-4.0.0/lib/rails/rack/logger.rb:38:in `call_app'
  vendor/bundle/gems/railties-4.0.0/lib/rails/rack/logger.rb:21:in `block in call'
  vendor/bundle/gems/activesupport-4.0.0/lib/active_support/tagged_logging.rb:67:in `block in tagged'
  vendor/bundle/gems/activesupport-4.0.0/lib/active_support/tagged_logging.rb:25:in `tagged'
  vendor/bundle/gems/activesupport-4.0.0/lib/active_support/tagged_logging.rb:67:in `tagged'
  vendor/bundle/gems/railties-4.0.0/lib/rails/rack/logger.rb:21:in `call'
  vendor/bundle/gems/actionpack-4.0.0/lib/action_dispatch/middleware/request_id.rb:21:in `call'
  vendor/bundle/gems/rack-1.5.2/lib/rack/methodoverride.rb:21:in `call'
  vendor/bundle/gems/rack-1.5.2/lib/rack/runtime.rb:17:in `call'
  vendor/bundle/gems/activesupport-4.0.0/lib/active_support/cache/strategy/local_cache.rb:83:in `call'
  vendor/bundle/gems/actionpack-4.0.0/lib/action_dispatch/middleware/static.rb:64:in `call'
  vendor/bundle/gems/railties-4.0.0/lib/rails/engine.rb:511:in `call'
  vendor/bundle/gems/railties-4.0.0/lib/rails/application.rb:97:in `call'
  vendor/bundle/gems/rack-1.5.2/lib/rack/lock.rb:17:in `call'
  vendor/bundle/gems/rack-1.5.2/lib/rack/content_length.rb:14:in `call'
  vendor/bundle/gems/rack-1.5.2/lib/rack/handler/webrick.rb:60:in `service'
  /home/invitado/.rvm/rubies/ruby-2.0.0-p451/lib/ruby/2.0.0/webrick/httpserver.rb:138:in `service'
  /home/invitado/.rvm/rubies/ruby-2.0.0-p451/lib/ruby/2.0.0/webrick/httpserver.rb:94:in `run'
  /home/invitado/.rvm/rubies/ruby-2.0.0-p451/lib/ruby/2.0.0/webrick/server.rb:295:in `block in start_thread'


I, [2014-04-10T11:30:42.463733 #3576]  INFO -- : Started GET "/static_pages/home" for 127.0.0.1 at 2014-04-10 11:30:42 +0100
I, [2014-04-10T11:30:42.466314 #3576]  INFO -- : Processing by StaticPagesController#home as HTML
I, [2014-04-10T11:30:42.474787 #3576]  INFO -- :   Rendered static_pages/home.html.erb within layouts/application (0.5ms)
I, [2014-04-10T11:30:42.476948 #3576]  INFO -- :   Rendered layouts/_shim.html.erb (0.0ms)
I, [2014-04-10T11:30:42.477307 #3576]  INFO -- :   Rendered layouts/_header.html.erb (0.3ms)
I, [2014-04-10T11:30:42.477598 #3576]  INFO -- :   Rendered layouts/_footer.html.erb (0.1ms)
I, [2014-04-10T11:30:42.477844 #3576]  INFO -- : Completed 200 OK in 11ms (Views: 10.2ms | ActiveRecord: 0.0ms)
I, [2014-04-10T11:30:42.507978 #3576]  INFO -- : Started GET "/stylesheets/default.css" for 127.0.0.1 at 2014-04-10 11:30:42 +0100
F, [2014-04-10T11:30:42.523789 #3576] FATAL -- : 
ActionController::RoutingError (No route matches [GET] "/stylesheets/default.css"):
  vendor/bundle/gems/actionpack-4.0.0/lib/action_dispatch/middleware/debug_exceptions.rb:21:in `call'
  vendor/bundle/gems/actionpack-4.0.0/lib/action_dispatch/middleware/show_exceptions.rb:30:in `call'
  vendor/bundle/gems/railties-4.0.0/lib/rails/rack/logger.rb:38:in `call_app'
  vendor/bundle/gems/railties-4.0.0/lib/rails/rack/logger.rb:21:in `block in call'
  vendor/bundle/gems/activesupport-4.0.0/lib/active_support/tagged_logging.rb:67:in `block in tagged'
  vendor/bundle/gems/activesupport-4.0.0/lib/active_support/tagged_logging.rb:25:in `tagged'
  vendor/bundle/gems/activesupport-4.0.0/lib/active_support/tagged_logging.rb:67:in `tagged'
  vendor/bundle/gems/railties-4.0.0/lib/rails/rack/logger.rb:21:in `call'
  vendor/bundle/gems/actionpack-4.0.0/lib/action_dispatch/middleware/request_id.rb:21:in `call'
  vendor/bundle/gems/rack-1.5.2/lib/rack/methodoverride.rb:21:in `call'
  vendor/bundle/gems/rack-1.5.2/lib/rack/runtime.rb:17:in `call'
  vendor/bundle/gems/activesupport-4.0.0/lib/active_support/cache/strategy/local_cache.rb:83:in `call'
  vendor/bundle/gems/actionpack-4.0.0/lib/action_dispatch/middleware/static.rb:64:in `call'
  vendor/bundle/gems/railties-4.0.0/lib/rails/engine.rb:511:in `call'
  vendor/bundle/gems/railties-4.0.0/lib/rails/application.rb:97:in `call'
  vendor/bundle/gems/rack-1.5.2/lib/rack/lock.rb:17:in `call'
  vendor/bundle/gems/rack-1.5.2/lib/rack/content_length.rb:14:in `call'
  vendor/bundle/gems/rack-1.5.2/lib/rack/handler/webrick.rb:60:in `service'
  /home/invitado/.rvm/rubies/ruby-2.0.0-p451/lib/ruby/2.0.0/webrick/httpserver.rb:138:in `service'
  /home/invitado/.rvm/rubies/ruby-2.0.0-p451/lib/ruby/2.0.0/webrick/httpserver.rb:94:in `run'
  /home/invitado/.rvm/rubies/ruby-2.0.0-p451/lib/ruby/2.0.0/webrick/server.rb:295:in `block in start_thread'


I, [2014-04-10T11:30:42.524998 #3576]  INFO -- : Started GET "/javascripts/default.js" for 127.0.0.1 at 2014-04-10 11:30:42 +0100
F, [2014-04-10T11:30:42.525677 #3576] FATAL -- : 
ActionController::RoutingError (No route matches [GET] "/javascripts/default.js"):
  vendor/bundle/gems/actionpack-4.0.0/lib/action_dispatch/middleware/debug_exceptions.rb:21:in `call'
  vendor/bundle/gems/actionpack-4.0.0/lib/action_dispatch/middleware/show_exceptions.rb:30:in `call'
  vendor/bundle/gems/railties-4.0.0/lib/rails/rack/logger.rb:38:in `call_app'
  vendor/bundle/gems/railties-4.0.0/lib/rails/rack/logger.rb:21:in `block in call'
  vendor/bundle/gems/activesupport-4.0.0/lib/active_support/tagged_logging.rb:67:in `block in tagged'
  vendor/bundle/gems/activesupport-4.0.0/lib/active_support/tagged_logging.rb:25:in `tagged'
  vendor/bundle/gems/activesupport-4.0.0/lib/active_support/tagged_logging.rb:67:in `tagged'
  vendor/bundle/gems/railties-4.0.0/lib/rails/rack/logger.rb:21:in `call'
  vendor/bundle/gems/actionpack-4.0.0/lib/action_dispatch/middleware/request_id.rb:21:in `call'
  vendor/bundle/gems/rack-1.5.2/lib/rack/methodoverride.rb:21:in `call'
  vendor/bundle/gems/rack-1.5.2/lib/rack/runtime.rb:17:in `call'
  vendor/bundle/gems/activesupport-4.0.0/lib/active_support/cache/strategy/local_cache.rb:83:in `call'
  vendor/bundle/gems/actionpack-4.0.0/lib/action_dispatch/middleware/static.rb:64:in `call'
  vendor/bundle/gems/railties-4.0.0/lib/rails/engine.rb:511:in `call'
  vendor/bundle/gems/railties-4.0.0/lib/rails/application.rb:97:in `call'
  vendor/bundle/gems/rack-1.5.2/lib/rack/lock.rb:17:in `call'
  vendor/bundle/gems/rack-1.5.2/lib/rack/content_length.rb:14:in `call'
  vendor/bundle/gems/rack-1.5.2/lib/rack/handler/webrick.rb:60:in `service'
  /home/invitado/.rvm/rubies/ruby-2.0.0-p451/lib/ruby/2.0.0/webrick/httpserver.rb:138:in `service'
  /home/invitado/.rvm/rubies/ruby-2.0.0-p451/lib/ruby/2.0.0/webrick/httpserver.rb:94:in `run'
  /home/invitado/.rvm/rubies/ruby-2.0.0-p451/lib/ruby/2.0.0/webrick/server.rb:295:in `block in start_thread'


I, [2014-04-10T11:30:42.529958 #3576]  INFO -- : Started GET "/images/rails.png" for 127.0.0.1 at 2014-04-10 11:30:42 +0100
F, [2014-04-10T11:30:42.531110 #3576] FATAL -- : 
ActionController::RoutingError (No route matches [GET] "/images/rails.png"):
  vendor/bundle/gems/actionpack-4.0.0/lib/action_dispatch/middleware/debug_exceptions.rb:21:in `call'
  vendor/bundle/gems/actionpack-4.0.0/lib/action_dispatch/middleware/show_exceptions.rb:30:in `call'
  vendor/bundle/gems/railties-4.0.0/lib/rails/rack/logger.rb:38:in `call_app'
  vendor/bundle/gems/railties-4.0.0/lib/rails/rack/logger.rb:21:in `block in call'
  vendor/bundle/gems/activesupport-4.0.0/lib/active_support/tagged_logging.rb:67:in `block in tagged'
  vendor/bundle/gems/activesupport-4.0.0/lib/active_support/tagged_logging.rb:25:in `tagged'
  vendor/bundle/gems/activesupport-4.0.0/lib/active_support/tagged_logging.rb:67:in `tagged'
  vendor/bundle/gems/railties-4.0.0/lib/rails/rack/logger.rb:21:in `call'
  vendor/bundle/gems/actionpack-4.0.0/lib/action_dispatch/middleware/request_id.rb:21:in `call'
  vendor/bundle/gems/rack-1.5.2/lib/rack/methodoverride.rb:21:in `call'
  vendor/bundle/gems/rack-1.5.2/lib/rack/runtime.rb:17:in `call'
  vendor/bundle/gems/activesupport-4.0.0/lib/active_support/cache/strategy/local_cache.rb:83:in `call'
  vendor/bundle/gems/actionpack-4.0.0/lib/action_dispatch/middleware/static.rb:64:in `call'
  vendor/bundle/gems/railties-4.0.0/lib/rails/engine.rb:511:in `call'
  vendor/bundle/gems/railties-4.0.0/lib/rails/application.rb:97:in `call'
  vendor/bundle/gems/rack-1.5.2/lib/rack/lock.rb:17:in `call'
  vendor/bundle/gems/rack-1.5.2/lib/rack/content_length.rb:14:in `call'
  vendor/bundle/gems/rack-1.5.2/lib/rack/handler/webrick.rb:60:in `service'
  /home/invitado/.rvm/rubies/ruby-2.0.0-p451/lib/ruby/2.0.0/webrick/httpserver.rb:138:in `service'
  /home/invitado/.rvm/rubies/ruby-2.0.0-p451/lib/ruby/2.0.0/webrick/httpserver.rb:94:in `run'
  /home/invitado/.rvm/rubies/ruby-2.0.0-p451/lib/ruby/2.0.0/webrick/server.rb:295:in `block in start_thread'


I, [2014-04-10T11:30:42.542901 #3576]  INFO -- : Started GET "/images/rails.png" for 127.0.0.1 at 2014-04-10 11:30:42 +0100
F, [2014-04-10T11:30:42.544678 #3576] FATAL -- : 
ActionController::RoutingError (No route matches [GET] "/images/rails.png"):
  vendor/bundle/gems/actionpack-4.0.0/lib/action_dispatch/middleware/debug_exceptions.rb:21:in `call'
  vendor/bundle/gems/actionpack-4.0.0/lib/action_dispatch/middleware/show_exceptions.rb:30:in `call'
  vendor/bundle/gems/railties-4.0.0/lib/rails/rack/logger.rb:38:in `call_app'
  vendor/bundle/gems/railties-4.0.0/lib/rails/rack/logger.rb:21:in `block in call'
  vendor/bundle/gems/activesupport-4.0.0/lib/active_support/tagged_logging.rb:67:in `block in tagged'
  vendor/bundle/gems/activesupport-4.0.0/lib/active_support/tagged_logging.rb:25:in `tagged'
  vendor/bundle/gems/activesupport-4.0.0/lib/active_support/tagged_logging.rb:67:in `tagged'
  vendor/bundle/gems/railties-4.0.0/lib/rails/rack/logger.rb:21:in `call'
  vendor/bundle/gems/actionpack-4.0.0/lib/action_dispatch/middleware/request_id.rb:21:in `call'
  vendor/bundle/gems/rack-1.5.2/lib/rack/methodoverride.rb:21:in `call'
  vendor/bundle/gems/rack-1.5.2/lib/rack/runtime.rb:17:in `call'
  vendor/bundle/gems/activesupport-4.0.0/lib/active_support/cache/strategy/local_cache.rb:83:in `call'
  vendor/bundle/gems/actionpack-4.0.0/lib/action_dispatch/middleware/static.rb:64:in `call'
  vendor/bundle/gems/railties-4.0.0/lib/rails/engine.rb:511:in `call'
  vendor/bundle/gems/railties-4.0.0/lib/rails/application.rb:97:in `call'
  vendor/bundle/gems/rack-1.5.2/lib/rack/lock.rb:17:in `call'
  vendor/bundle/gems/rack-1.5.2/lib/rack/content_length.rb:14:in `call'
  vendor/bundle/gems/rack-1.5.2/lib/rack/handler/webrick.rb:60:in `service'
  /home/invitado/.rvm/rubies/ruby-2.0.0-p451/lib/ruby/2.0.0/webrick/httpserver.rb:138:in `service'
  /home/invitado/.rvm/rubies/ruby-2.0.0-p451/lib/ruby/2.0.0/webrick/httpserver.rb:94:in `run'
  /home/invitado/.rvm/rubies/ruby-2.0.0-p451/lib/ruby/2.0.0/webrick/server.rb:295:in `block in start_thread'


I, [2014-04-10T11:30:53.547542 #3576]  INFO -- : Started GET "/static_pages/help" for 127.0.0.1 at 2014-04-10 11:30:53 +0100
I, [2014-04-10T11:30:53.554603 #3576]  INFO -- : Processing by StaticPagesController#help as HTML
I, [2014-04-10T11:30:53.556669 #3576]  INFO -- :   Rendered static_pages/help.html.erb within layouts/application (0.5ms)
I, [2014-04-10T11:30:53.559526 #3576]  INFO -- :   Rendered layouts/_shim.html.erb (0.1ms)
I, [2014-04-10T11:30:53.560412 #3576]  INFO -- :   Rendered layouts/_header.html.erb (0.7ms)
I, [2014-04-10T11:30:53.560942 #3576]  INFO -- :   Rendered layouts/_footer.html.erb (0.1ms)
I, [2014-04-10T11:30:53.561234 #3576]  INFO -- : Completed 200 OK in 6ms (Views: 6.1ms | ActiveRecord: 0.0ms)
I, [2014-04-10T11:30:53.587678 #3576]  INFO -- : Started GET "/stylesheets/default.css" for 127.0.0.1 at 2014-04-10 11:30:53 +0100
F, [2014-04-10T11:30:53.588741 #3576] FATAL -- : 
ActionController::RoutingError (No route matches [GET] "/stylesheets/default.css"):
  vendor/bundle/gems/actionpack-4.0.0/lib/action_dispatch/middleware/debug_exceptions.rb:21:in `call'
  vendor/bundle/gems/actionpack-4.0.0/lib/action_dispatch/middleware/show_exceptions.rb:30:in `call'
  vendor/bundle/gems/railties-4.0.0/lib/rails/rack/logger.rb:38:in `call_app'
  vendor/bundle/gems/railties-4.0.0/lib/rails/rack/logger.rb:21:in `block in call'
  vendor/bundle/gems/activesupport-4.0.0/lib/active_support/tagged_logging.rb:67:in `block in tagged'
  vendor/bundle/gems/activesupport-4.0.0/lib/active_support/tagged_logging.rb:25:in `tagged'
  vendor/bundle/gems/activesupport-4.0.0/lib/active_support/tagged_logging.rb:67:in `tagged'
  vendor/bundle/gems/railties-4.0.0/lib/rails/rack/logger.rb:21:in `call'
  vendor/bundle/gems/actionpack-4.0.0/lib/action_dispatch/middleware/request_id.rb:21:in `call'
  vendor/bundle/gems/rack-1.5.2/lib/rack/methodoverride.rb:21:in `call'
  vendor/bundle/gems/rack-1.5.2/lib/rack/runtime.rb:17:in `call'
  vendor/bundle/gems/activesupport-4.0.0/lib/active_support/cache/strategy/local_cache.rb:83:in `call'
  vendor/bundle/gems/actionpack-4.0.0/lib/action_dispatch/middleware/static.rb:64:in `call'
  vendor/bundle/gems/railties-4.0.0/lib/rails/engine.rb:511:in `call'
  vendor/bundle/gems/railties-4.0.0/lib/rails/application.rb:97:in `call'
  vendor/bundle/gems/rack-1.5.2/lib/rack/lock.rb:17:in `call'
  vendor/bundle/gems/rack-1.5.2/lib/rack/content_length.rb:14:in `call'
  vendor/bundle/gems/rack-1.5.2/lib/rack/handler/webrick.rb:60:in `service'
  /home/invitado/.rvm/rubies/ruby-2.0.0-p451/lib/ruby/2.0.0/webrick/httpserver.rb:138:in `service'
  /home/invitado/.rvm/rubies/ruby-2.0.0-p451/lib/ruby/2.0.0/webrick/httpserver.rb:94:in `run'
  /home/invitado/.rvm/rubies/ruby-2.0.0-p451/lib/ruby/2.0.0/webrick/server.rb:295:in `block in start_thread'


I, [2014-04-10T11:30:53.601384 #3576]  INFO -- : Started GET "/javascripts/default.js" for 127.0.0.1 at 2014-04-10 11:30:53 +0100
F, [2014-04-10T11:30:53.602643 #3576] FATAL -- : 
ActionController::RoutingError (No route matches [GET] "/javascripts/default.js"):
  vendor/bundle/gems/actionpack-4.0.0/lib/action_dispatch/middleware/debug_exceptions.rb:21:in `call'
  vendor/bundle/gems/actionpack-4.0.0/lib/action_dispatch/middleware/show_exceptions.rb:30:in `call'
  vendor/bundle/gems/railties-4.0.0/lib/rails/rack/logger.rb:38:in `call_app'
  vendor/bundle/gems/railties-4.0.0/lib/rails/rack/logger.rb:21:in `block in call'
  vendor/bundle/gems/activesupport-4.0.0/lib/active_support/tagged_logging.rb:67:in `block in tagged'
  vendor/bundle/gems/activesupport-4.0.0/lib/active_support/tagged_logging.rb:25:in `tagged'
  vendor/bundle/gems/activesupport-4.0.0/lib/active_support/tagged_logging.rb:67:in `tagged'
  vendor/bundle/gems/railties-4.0.0/lib/rails/rack/logger.rb:21:in `call'
  vendor/bundle/gems/actionpack-4.0.0/lib/action_dispatch/middleware/request_id.rb:21:in `call'
  vendor/bundle/gems/rack-1.5.2/lib/rack/methodoverride.rb:21:in `call'
  vendor/bundle/gems/rack-1.5.2/lib/rack/runtime.rb:17:in `call'
  vendor/bundle/gems/activesupport-4.0.0/lib/active_support/cache/strategy/local_cache.rb:83:in `call'
  vendor/bundle/gems/actionpack-4.0.0/lib/action_dispatch/middleware/static.rb:64:in `call'
  vendor/bundle/gems/railties-4.0.0/lib/rails/engine.rb:511:in `call'
  vendor/bundle/gems/railties-4.0.0/lib/rails/application.rb:97:in `call'
  vendor/bundle/gems/rack-1.5.2/lib/rack/lock.rb:17:in `call'
  vendor/bundle/gems/rack-1.5.2/lib/rack/content_length.rb:14:in `call'
  vendor/bundle/gems/rack-1.5.2/lib/rack/handler/webrick.rb:60:in `service'
  /home/invitado/.rvm/rubies/ruby-2.0.0-p451/lib/ruby/2.0.0/webrick/httpserver.rb:138:in `service'
  /home/invitado/.rvm/rubies/ruby-2.0.0-p451/lib/ruby/2.0.0/webrick/httpserver.rb:94:in `run'
  /home/invitado/.rvm/rubies/ruby-2.0.0-p451/lib/ruby/2.0.0/webrick/server.rb:295:in `block in start_thread'


I, [2014-04-10T11:31:07.884548 #3576]  INFO -- : Started GET "/static_pages/contact" for 127.0.0.1 at 2014-04-10 11:31:07 +0100
I, [2014-04-10T11:31:07.887649 #3576]  INFO -- : Processing by StaticPagesController#contact as HTML
I, [2014-04-10T11:31:07.890221 #3576]  INFO -- :   Rendered static_pages/contact.html.erb within layouts/application (0.0ms)
I, [2014-04-10T11:31:07.893011 #3576]  INFO -- :   Rendered layouts/_shim.html.erb (0.0ms)
I, [2014-04-10T11:31:07.893456 #3576]  INFO -- :   Rendered layouts/_header.html.erb (0.3ms)
I, [2014-04-10T11:31:07.893783 #3576]  INFO -- :   Rendered layouts/_footer.html.erb (0.1ms)
I, [2014-04-10T11:31:07.894442 #3576]  INFO -- : Completed 200 OK in 5ms (Views: 4.2ms | ActiveRecord: 0.0ms)
I, [2014-04-10T11:31:07.919575 #3576]  INFO -- : Started GET "/stylesheets/default.css" for 127.0.0.1 at 2014-04-10 11:31:07 +0100
F, [2014-04-10T11:31:07.930915 #3576] FATAL -- : 
ActionController::RoutingError (No route matches [GET] "/stylesheets/default.css"):
  vendor/bundle/gems/actionpack-4.0.0/lib/action_dispatch/middleware/debug_exceptions.rb:21:in `call'
  vendor/bundle/gems/actionpack-4.0.0/lib/action_dispatch/middleware/show_exceptions.rb:30:in `call'
  vendor/bundle/gems/railties-4.0.0/lib/rails/rack/logger.rb:38:in `call_app'
  vendor/bundle/gems/railties-4.0.0/lib/rails/rack/logger.rb:21:in `block in call'
  vendor/bundle/gems/activesupport-4.0.0/lib/active_support/tagged_logging.rb:67:in `block in tagged'
  vendor/bundle/gems/activesupport-4.0.0/lib/active_support/tagged_logging.rb:25:in `tagged'
  vendor/bundle/gems/activesupport-4.0.0/lib/active_support/tagged_logging.rb:67:in `tagged'
  vendor/bundle/gems/railties-4.0.0/lib/rails/rack/logger.rb:21:in `call'
  vendor/bundle/gems/actionpack-4.0.0/lib/action_dispatch/middleware/request_id.rb:21:in `call'
  vendor/bundle/gems/rack-1.5.2/lib/rack/methodoverride.rb:21:in `call'
  vendor/bundle/gems/rack-1.5.2/lib/rack/runtime.rb:17:in `call'
  vendor/bundle/gems/activesupport-4.0.0/lib/active_support/cache/strategy/local_cache.rb:83:in `call'
  vendor/bundle/gems/actionpack-4.0.0/lib/action_dispatch/middleware/static.rb:64:in `call'
  vendor/bundle/gems/railties-4.0.0/lib/rails/engine.rb:511:in `call'
  vendor/bundle/gems/railties-4.0.0/lib/rails/application.rb:97:in `call'
  vendor/bundle/gems/rack-1.5.2/lib/rack/lock.rb:17:in `call'
  vendor/bundle/gems/rack-1.5.2/lib/rack/content_length.rb:14:in `call'
  vendor/bundle/gems/rack-1.5.2/lib/rack/handler/webrick.rb:60:in `service'
  /home/invitado/.rvm/rubies/ruby-2.0.0-p451/lib/ruby/2.0.0/webrick/httpserver.rb:138:in `service'
  /home/invitado/.rvm/rubies/ruby-2.0.0-p451/lib/ruby/2.0.0/webrick/httpserver.rb:94:in `run'
  /home/invitado/.rvm/rubies/ruby-2.0.0-p451/lib/ruby/2.0.0/webrick/server.rb:295:in `block in start_thread'


I, [2014-04-10T11:31:07.933780 #3576]  INFO -- : Started GET "/javascripts/default.js" for 127.0.0.1 at 2014-04-10 11:31:07 +0100
F, [2014-04-10T11:31:07.934847 #3576] FATAL -- : 
ActionController::RoutingError (No route matches [GET] "/javascripts/default.js"):
  vendor/bundle/gems/actionpack-4.0.0/lib/action_dispatch/middleware/debug_exceptions.rb:21:in `call'
  vendor/bundle/gems/actionpack-4.0.0/lib/action_dispatch/middleware/show_exceptions.rb:30:in `call'
  vendor/bundle/gems/railties-4.0.0/lib/rails/rack/logger.rb:38:in `call_app'
  vendor/bundle/gems/railties-4.0.0/lib/rails/rack/logger.rb:21:in `block in call'
  vendor/bundle/gems/activesupport-4.0.0/lib/active_support/tagged_logging.rb:67:in `block in tagged'
  vendor/bundle/gems/activesupport-4.0.0/lib/active_support/tagged_logging.rb:25:in `tagged'
  vendor/bundle/gems/activesupport-4.0.0/lib/active_support/tagged_logging.rb:67:in `tagged'
  vendor/bundle/gems/railties-4.0.0/lib/rails/rack/logger.rb:21:in `call'
  vendor/bundle/gems/actionpack-4.0.0/lib/action_dispatch/middleware/request_id.rb:21:in `call'
  vendor/bundle/gems/rack-1.5.2/lib/rack/methodoverride.rb:21:in `call'
  vendor/bundle/gems/rack-1.5.2/lib/rack/runtime.rb:17:in `call'
  vendor/bundle/gems/activesupport-4.0.0/lib/active_support/cache/strategy/local_cache.rb:83:in `call'
  vendor/bundle/gems/actionpack-4.0.0/lib/action_dispatch/middleware/static.rb:64:in `call'
  vendor/bundle/gems/railties-4.0.0/lib/rails/engine.rb:511:in `call'
  vendor/bundle/gems/railties-4.0.0/lib/rails/application.rb:97:in `call'
  vendor/bundle/gems/rack-1.5.2/lib/rack/lock.rb:17:in `call'
  vendor/bundle/gems/rack-1.5.2/lib/rack/content_length.rb:14:in `call'
  vendor/bundle/gems/rack-1.5.2/lib/rack/handler/webrick.rb:60:in `service'
  /home/invitado/.rvm/rubies/ruby-2.0.0-p451/lib/ruby/2.0.0/webrick/httpserver.rb:138:in `service'
  /home/invitado/.rvm/rubies/ruby-2.0.0-p451/lib/ruby/2.0.0/webrick/httpserver.rb:94:in `run'
  /home/invitado/.rvm/rubies/ruby-2.0.0-p451/lib/ruby/2.0.0/webrick/server.rb:295:in `block in start_thread'


I, [2014-04-10T11:31:20.594621 #3576]  INFO -- : Started GET "/static_pages/about" for 127.0.0.1 at 2014-04-10 11:31:20 +0100
I, [2014-04-10T11:31:20.597504 #3576]  INFO -- : Processing by StaticPagesController#about as HTML
I, [2014-04-10T11:31:20.599882 #3576]  INFO -- :   Rendered static_pages/about.html.erb within layouts/application (0.1ms)
I, [2014-04-10T11:31:20.601421 #3576]  INFO -- :   Rendered layouts/_shim.html.erb (0.0ms)
I, [2014-04-10T11:31:20.602464 #3576]  INFO -- :   Rendered layouts/_header.html.erb (0.8ms)
I, [2014-04-10T11:31:20.602625 #3576]  INFO -- :   Rendered layouts/_footer.html.erb (0.0ms)
I, [2014-04-10T11:31:20.602863 #3576]  INFO -- : Completed 200 OK in 5ms (Views: 3.2ms | ActiveRecord: 0.0ms)
I, [2014-04-10T11:31:20.630550 #3576]  INFO -- : Started GET "/stylesheets/default.css" for 127.0.0.1 at 2014-04-10 11:31:20 +0100
F, [2014-04-10T11:31:20.683575 #3576] FATAL -- : 
ActionController::RoutingError (No route matches [GET] "/stylesheets/default.css"):
  vendor/bundle/gems/actionpack-4.0.0/lib/action_dispatch/middleware/debug_exceptions.rb:21:in `call'
  vendor/bundle/gems/actionpack-4.0.0/lib/action_dispatch/middleware/show_exceptions.rb:30:in `call'
  vendor/bundle/gems/railties-4.0.0/lib/rails/rack/logger.rb:38:in `call_app'
  vendor/bundle/gems/railties-4.0.0/lib/rails/rack/logger.rb:21:in `block in call'
  vendor/bundle/gems/activesupport-4.0.0/lib/active_support/tagged_logging.rb:67:in `block in tagged'
  vendor/bundle/gems/activesupport-4.0.0/lib/active_support/tagged_logging.rb:25:in `tagged'
  vendor/bundle/gems/activesupport-4.0.0/lib/active_support/tagged_logging.rb:67:in `tagged'
  vendor/bundle/gems/railties-4.0.0/lib/rails/rack/logger.rb:21:in `call'
  vendor/bundle/gems/actionpack-4.0.0/lib/action_dispatch/middleware/request_id.rb:21:in `call'
  vendor/bundle/gems/rack-1.5.2/lib/rack/methodoverride.rb:21:in `call'
  vendor/bundle/gems/rack-1.5.2/lib/rack/runtime.rb:17:in `call'
  vendor/bundle/gems/activesupport-4.0.0/lib/active_support/cache/strategy/local_cache.rb:83:in `call'
  vendor/bundle/gems/actionpack-4.0.0/lib/action_dispatch/middleware/static.rb:64:in `call'
  vendor/bundle/gems/railties-4.0.0/lib/rails/engine.rb:511:in `call'
  vendor/bundle/gems/railties-4.0.0/lib/rails/application.rb:97:in `call'
  vendor/bundle/gems/rack-1.5.2/lib/rack/lock.rb:17:in `call'
  vendor/bundle/gems/rack-1.5.2/lib/rack/content_length.rb:14:in `call'
  vendor/bundle/gems/rack-1.5.2/lib/rack/handler/webrick.rb:60:in `service'
  /home/invitado/.rvm/rubies/ruby-2.0.0-p451/lib/ruby/2.0.0/webrick/httpserver.rb:138:in `service'
  /home/invitado/.rvm/rubies/ruby-2.0.0-p451/lib/ruby/2.0.0/webrick/httpserver.rb:94:in `run'
  /home/invitado/.rvm/rubies/ruby-2.0.0-p451/lib/ruby/2.0.0/webrick/server.rb:295:in `block in start_thread'


I, [2014-04-10T11:31:20.688867 #3576]  INFO -- : Started GET "/javascripts/default.js" for 127.0.0.1 at 2014-04-10 11:31:20 +0100
F, [2014-04-10T11:31:20.690244 #3576] FATAL -- : 
ActionController::RoutingError (No route matches [GET] "/javascripts/default.js"):
  vendor/bundle/gems/actionpack-4.0.0/lib/action_dispatch/middleware/debug_exceptions.rb:21:in `call'
  vendor/bundle/gems/actionpack-4.0.0/lib/action_dispatch/middleware/show_exceptions.rb:30:in `call'
  vendor/bundle/gems/railties-4.0.0/lib/rails/rack/logger.rb:38:in `call_app'
  vendor/bundle/gems/railties-4.0.0/lib/rails/rack/logger.rb:21:in `block in call'
  vendor/bundle/gems/activesupport-4.0.0/lib/active_support/tagged_logging.rb:67:in `block in tagged'
  vendor/bundle/gems/activesupport-4.0.0/lib/active_support/tagged_logging.rb:25:in `tagged'
  vendor/bundle/gems/activesupport-4.0.0/lib/active_support/tagged_logging.rb:67:in `tagged'
  vendor/bundle/gems/railties-4.0.0/lib/rails/rack/logger.rb:21:in `call'
  vendor/bundle/gems/actionpack-4.0.0/lib/action_dispatch/middleware/request_id.rb:21:in `call'
  vendor/bundle/gems/rack-1.5.2/lib/rack/methodoverride.rb:21:in `call'
  vendor/bundle/gems/rack-1.5.2/lib/rack/runtime.rb:17:in `call'
  vendor/bundle/gems/activesupport-4.0.0/lib/active_support/cache/strategy/local_cache.rb:83:in `call'
  vendor/bundle/gems/actionpack-4.0.0/lib/action_dispatch/middleware/static.rb:64:in `call'
  vendor/bundle/gems/railties-4.0.0/lib/rails/engine.rb:511:in `call'
  vendor/bundle/gems/railties-4.0.0/lib/rails/application.rb:97:in `call'
  vendor/bundle/gems/rack-1.5.2/lib/rack/lock.rb:17:in `call'
  vendor/bundle/gems/rack-1.5.2/lib/rack/content_length.rb:14:in `call'
  vendor/bundle/gems/rack-1.5.2/lib/rack/handler/webrick.rb:60:in `service'
  /home/invitado/.rvm/rubies/ruby-2.0.0-p451/lib/ruby/2.0.0/webrick/httpserver.rb:138:in `service'
  /home/invitado/.rvm/rubies/ruby-2.0.0-p451/lib/ruby/2.0.0/webrick/httpserver.rb:94:in `run'
  /home/invitado/.rvm/rubies/ruby-2.0.0-p451/lib/ruby/2.0.0/webrick/server.rb:295:in `block in start_thread'


